<?xml version="1.0" encoding="UTF-8"?>
<testng-results ignored="0" total="1" passed="0" failed="1" skipped="0">
  <reporter-output>
  </reporter-output>
  <suite started-at="2025-06-30T11:32:16 IST" name="PIM_automation_Suite" finished-at="2025-06-30T11:33:29 IST" duration-ms="73771">
    <groups>
      <group name="BSAPIEowner">
        <method signature="TC_007_OnHold_BSA_OnHold_UserSelected.BSAPIEOwner()[pri:0, instance:pim.automation.framework.TC_007_OnHold_BSA_OnHold_UserSelected@45099dd3]" name="BSAPIEOwner" class="pim.automation.framework.TC_007_OnHold_BSA_OnHold_UserSelected"/>
      </group> <!-- BSAPIEowner -->
    </groups>
    <test started-at="2025-06-30T11:32:16 IST" name="BSAPIEOwner" finished-at="2025-06-30T11:33:29 IST" duration-ms="73771">
      <class name="pim.automation.framework.TC_007_OnHold_BSA_OnHold_UserSelected">
        <test-method is-config="true" signature="intitializeReport()[pri:0, instance:pim.automation.framework.TC_007_OnHold_BSA_OnHold_UserSelected@45099dd3]" started-at="2025-06-30T11:32:15 IST" name="intitializeReport" finished-at="2025-06-30T11:32:16 IST" duration-ms="507" status="PASS">
          <reporter-output>
          </reporter-output>
        </test-method> <!-- intitializeReport -->
        <test-method is-config="true" signature="setUp(java.lang.String)[pri:0, instance:pim.automation.framework.TC_007_OnHold_BSA_OnHold_UserSelected@45099dd3]" started-at="2025-06-30T11:32:16 IST" name="setUp" finished-at="2025-06-30T11:32:26 IST" duration-ms="10654" status="PASS">
          <params>
            <param index="0">
              <value>
                <![CDATA[BSAPIEowner]]>
              </value>
            </param>
          </params>
          <reporter-output>
          </reporter-output>
        </test-method> <!-- setUp -->
        <test-method signature="BSAPIEOwner()[pri:0, instance:pim.automation.framework.TC_007_OnHold_BSA_OnHold_UserSelected@45099dd3]" started-at="2025-06-30T11:32:26 IST" name="BSAPIEOwner" finished-at="2025-06-30T11:33:29 IST" duration-ms="63062" status="FAIL">
          <exception class="java.lang.RuntimeException">
            <message>
              <![CDATA[waitForElement failed: Expected condition failed: waiting for common_functions.Utils$$Lambda/0x0000000100334f40@5972d253 (tried for 20 second(s) with 500 milliseconds interval)
Build info: version: '4.23.1', revision: '656257d8e9'
System info: os.name: 'Windows 10', os.arch: 'amd64', os.version: '10.0', java.version: '21.0.4'
Driver info: org.openqa.selenium.chrome.ChromeDriver
Capabilities {acceptInsecureCerts: false, browserName: chrome, browserVersion: 137.0.7151.69, chrome: {chromedriverVersion: 137.0.7151.119 (e0ac9d12dff..., userDataDir: C:\Users\raoad\AppData\Loca...}, fedcm:accounts: true, goog:chromeOptions: {debuggerAddress: localhost:62874}, networkConnectionEnabled: false, pageLoadStrategy: normal, platformName: windows, proxy: Proxy(), se:cdp: ws://localhost:62874/devtoo..., se:cdpVersion: 137.0.7151.69, setWindowRect: true, strictFileInteractability: false, timeouts: {implicit: 0, pageLoad: 300000, script: 30000}, unhandledPromptBehavior: dismiss and notify, webauthn:extension:credBlob: true, webauthn:extension:largeBlob: true, webauthn:extension:minPinLength: true, webauthn:extension:prf: true, webauthn:virtualAuthenticators: true}
Session ID: 8fd3c7c4ce7a4463fe7923f1dc944abb]]>
            </message>
            <full-stacktrace>
              <![CDATA[java.lang.RuntimeException: waitForElement failed: Expected condition failed: waiting for common_functions.Utils$$Lambda/0x0000000100334f40@5972d253 (tried for 20 second(s) with 500 milliseconds interval)
Build info: version: '4.23.1', revision: '656257d8e9'
System info: os.name: 'Windows 10', os.arch: 'amd64', os.version: '10.0', java.version: '21.0.4'
Driver info: org.openqa.selenium.chrome.ChromeDriver
Capabilities {acceptInsecureCerts: false, browserName: chrome, browserVersion: 137.0.7151.69, chrome: {chromedriverVersion: 137.0.7151.119 (e0ac9d12dff..., userDataDir: C:\Users\raoad\AppData\Loca...}, fedcm:accounts: true, goog:chromeOptions: {debuggerAddress: localhost:62874}, networkConnectionEnabled: false, pageLoadStrategy: normal, platformName: windows, proxy: Proxy(), se:cdp: ws://localhost:62874/devtoo..., se:cdpVersion: 137.0.7151.69, setWindowRect: true, strictFileInteractability: false, timeouts: {implicit: 0, pageLoad: 300000, script: 30000}, unhandledPromptBehavior: dismiss and notify, webauthn:extension:credBlob: true, webauthn:extension:largeBlob: true, webauthn:extension:minPinLength: true, webauthn:extension:prf: true, webauthn:virtualAuthenticators: true}
Session ID: 8fd3c7c4ce7a4463fe7923f1dc944abb
at common_functions.Utils.waitForElement(Utils.java:78)
at pim.automation.framework.TC_007_OnHold_BSA_OnHold_UserSelected.BSAPIEOwner(TC_007_OnHold_BSA_OnHold_UserSelected.java:58)
at java.base/jdk.internal.reflect.DirectMethodHandleAccessor.invoke(DirectMethodHandleAccessor.java:103)
at java.base/java.lang.reflect.Method.invoke(Method.java:580)
at org.testng.internal.MethodInvocationHelper.invokeMethod(MethodInvocationHelper.java:133)
at org.testng.internal.TestInvoker.invokeMethod(TestInvoker.java:598)
at org.testng.internal.TestInvoker.invokeTestMethod(TestInvoker.java:173)
at org.testng.internal.MethodRunner.runInSequence(MethodRunner.java:46)
at org.testng.internal.TestInvoker$MethodInvocationAgent.invoke(TestInvoker.java:824)
at org.testng.internal.TestInvoker.invokeTestMethods(TestInvoker.java:146)
at org.testng.internal.TestMethodWorker.invokeTestMethods(TestMethodWorker.java:146)
at org.testng.internal.TestMethodWorker.run(TestMethodWorker.java:128)
at java.base/java.util.ArrayList.forEach(ArrayList.java:1596)
at org.testng.TestRunner.privateRun(TestRunner.java:794)
at org.testng.TestRunner.run(TestRunner.java:596)
at org.testng.SuiteRunner.runTest(SuiteRunner.java:377)
at org.testng.SuiteRunner.runSequentially(SuiteRunner.java:371)
at org.testng.SuiteRunner.privateRun(SuiteRunner.java:332)
at org.testng.SuiteRunner.run(SuiteRunner.java:276)
at org.testng.SuiteRunnerWorker.runSuite(SuiteRunnerWorker.java:53)
at org.testng.SuiteRunnerWorker.run(SuiteRunnerWorker.java:96)
at org.testng.TestNG.runSuitesSequentially(TestNG.java:1212)
at org.testng.TestNG.runSuitesLocally(TestNG.java:1134)
at org.testng.TestNG.runSuites(TestNG.java:1063)
at org.testng.TestNG.run(TestNG.java:1031)
at org.testng.remote.AbstractRemoteTestNG.run(AbstractRemoteTestNG.java:115)
at org.testng.remote.RemoteTestNG.initAndRun(RemoteTestNG.java:293)
at org.testng.remote.RemoteTestNG.main(RemoteTestNG.java:91)
Caused by: org.openqa.selenium.TimeoutException: Expected condition failed: waiting for common_functions.Utils$$Lambda/0x0000000100334f40@5972d253 (tried for 20 second(s) with 500 milliseconds interval)
Build info: version: '4.23.1', revision: '656257d8e9'
System info: os.name: 'Windows 10', os.arch: 'amd64', os.version: '10.0', java.version: '21.0.4'
Driver info: org.openqa.selenium.chrome.ChromeDriver
Capabilities {acceptInsecureCerts: false, browserName: chrome, browserVersion: 137.0.7151.69, chrome: {chromedriverVersion: 137.0.7151.119 (e0ac9d12dff..., userDataDir: C:\Users\raoad\AppData\Loca...}, fedcm:accounts: true, goog:chromeOptions: {debuggerAddress: localhost:62874}, networkConnectionEnabled: false, pageLoadStrategy: normal, platformName: windows, proxy: Proxy(), se:cdp: ws://localhost:62874/devtoo..., se:cdpVersion: 137.0.7151.69, setWindowRect: true, strictFileInteractability: false, timeouts: {implicit: 0, pageLoad: 300000, script: 30000}, unhandledPromptBehavior: dismiss and notify, webauthn:extension:credBlob: true, webauthn:extension:largeBlob: true, webauthn:extension:minPinLength: true, webauthn:extension:prf: true, webauthn:virtualAuthenticators: true}
Session ID: 8fd3c7c4ce7a4463fe7923f1dc944abb
at org.openqa.selenium.support.ui.WebDriverWait.timeoutException(WebDriverWait.java:84)
at org.openqa.selenium.support.ui.FluentWait.until(FluentWait.java:228)
at common_functions.Utils.waitForElement(Utils.java:35)
... 27 more
]]>
            </full-stacktrace>
          </exception> <!-- java.lang.RuntimeException -->
          <reporter-output>
          </reporter-output>
        </test-method> <!-- BSAPIEOwner -->
        <test-method is-config="true" signature="publishReport()[pri:0, instance:pim.automation.framework.TC_007_OnHold_BSA_OnHold_UserSelected@45099dd3]" started-at="2025-06-30T11:33:30 IST" name="publishReport" finished-at="2025-06-30T11:33:31 IST" duration-ms="1838" status="PASS">
          <reporter-output>
          </reporter-output>
        </test-method> <!-- publishReport -->
      </class> <!-- pim.automation.framework.TC_007_OnHold_BSA_OnHold_UserSelected -->
    </test> <!-- BSAPIEOwner -->
  </suite> <!-- PIM_automation_Suite -->
</testng-results>
